System.InvalidOperationException: No animator registered for the property RenderTransform. Add an animator to the Animation.Animators collection that matches this property to animate it.
   at Avalonia.Animation.Animation.InterpretKeyframes(Animatable control)
   at Avalonia.Animation.Animation.Apply(Animatable control, IClock clock, IObservable`1 match, Action onComplete)
   at Avalonia.Animation.Animation.Avalonia.Animation.IAnimation.Apply(Animatable control, IClock clock, IObservable`1 match, Action onComplete)
   at Avalonia.Styling.StyleInstance.ApplyAnimations(AvaloniaObject control)
   at Avalonia.Styling.StyleBase.Attach(StyledElement target, IStyleActivator activator, FrameType type, Boolean canShareInstance)
   at Avalonia.Styling.Style.TryAttach(StyledElement target, Object host, FrameType type)
   at Avalonia.StyledElement.ApplyStyle(IStyle style, IStyleHost host, FrameType type)
   at Avalonia.StyledElement.ApplyStyles(IStyleHost host)
   at Avalonia.StyledElement.ApplyStyles(IStyleHost host)
   at Avalonia.StyledElement.ApplyStyles(IStyleHost host)
   at Avalonia.StyledElement.ApplyStyling()
   at Avalonia.StyledElement.OnAttachedToLogicalTreeCore(LogicalTreeAttachmentEventArgs e)
   at Avalonia.StyledElement.Avalonia.Controls.ISetLogicalParent.SetParent(ILogical parent)
   at Avalonia.Controls.Primitives.TemplatedControl.ApplyTemplate()
   at Avalonia.Controls.WindowBase.MeasureCore(Size availableSize)
   at Avalonia.Layout.Layoutable.Measure(Size availableSize)
   at Avalonia.Layout.LayoutManager.Measure(Layoutable control)
   at Avalonia.Layout.LayoutManager.ExecuteInitialLayoutPass()
   at Avalonia.Controls.Window.ShowCore[TResult](Window owner, Boolean modal)
   at Avalonia.Controls.Window.Show()
   at Avalonia.Controls.ApplicationLifetimes.ClassicDesktopStyleApplicationLifetime.ShowMainWindow()
   at Avalonia.Controls.ApplicationLifetimes.ClassicDesktopStyleApplicationLifetime.StartCore(String[] args)
   at Avalonia.Controls.ApplicationLifetimes.ClassicDesktopStyleApplicationLifetime.Start(String[] args)
   at Avalonia.ClassicDesktopStyleApplicationLifetimeExtensions.StartWithClassicDesktopLifetime(AppBuilder builder, String[] args, Action`1 lifetimeBuilder)
   at OptiscalerClient.Program.Main(String[] args)